TN:
SF:middleware/auth.js
FN:4,(anonymous_0)
FN:57,(anonymous_1)
FNF:2
FNH:0
FNDA:0,(anonymous_0)
FNDA:0,(anonymous_1)
DA:1,0
DA:2,0
DA:4,0
DA:5,0
DA:6,0
DA:8,0
DA:10,0
DA:11,0
DA:12,0
DA:14,0
DA:17,0
DA:18,0
DA:20,0
DA:21,0
DA:22,0
DA:26,0
DA:27,0
DA:28,0
DA:30,0
DA:31,0
DA:32,0
DA:33,0
DA:40,0
DA:41,0
DA:42,0
DA:44,0
DA:45,0
DA:48,0
DA:49,0
DA:50,0
DA:53,0
DA:57,0
DA:58,0
DA:60,0
DA:61,0
DA:62,0
DA:63,0
DA:65,0
DA:69,0
DA:72,0
LF:40
LH:0
BRDA:8,0,0,0
BRDA:8,0,1,0
BRDA:10,1,0,0
BRDA:10,1,1,0
BRDA:10,2,0,0
BRDA:10,2,1,0
BRDA:11,3,0,0
BRDA:11,3,1,0
BRDA:20,4,0,0
BRDA:20,4,1,0
BRDA:30,5,0,0
BRDA:30,5,1,0
BRDA:48,6,0,0
BRDA:48,6,1,0
BRDA:48,7,0,0
BRDA:48,7,1,0
BRDA:49,8,0,0
BRDA:49,8,1,0
BRDA:60,9,0,0
BRDA:60,9,1,0
BRF:20
BRH:0
end_of_record
TN:
SF:middleware/errorHandler.js
FN:1,(anonymous_0)
FN:56,(anonymous_1)
FNF:2
FNH:0
FNDA:0,(anonymous_0)
FNDA:0,(anonymous_1)
DA:1,0
DA:3,0
DA:6,0
DA:7,0
DA:8,0
DA:11,0
DA:12,0
DA:13,0
DA:14,0
DA:15,0
DA:16,0
DA:17,0
DA:18,0
DA:19,0
DA:20,0
DA:21,0
DA:22,0
DA:23,0
DA:25,0
DA:27,0
DA:28,0
DA:29,0
DA:30,0
DA:31,0
DA:32,0
DA:36,0
DA:37,0
DA:47,0
DA:56,0
DA:57,0
DA:58,0
DA:59,0
DA:62,0
LF:33
LH:0
BRDA:6,0,0,0
BRDA:6,0,1,0
BRDA:7,1,0,0
BRDA:7,1,1,0
BRDA:11,2,0,0
BRDA:11,2,1,0
BRDA:15,3,0,0
BRDA:15,3,1,0
BRDA:15,4,0,0
BRDA:15,4,1,0
BRDA:19,5,0,0
BRDA:19,5,1,0
BRDA:22,6,0,0
BRDA:22,6,1,0
BRDA:27,7,0,0
BRDA:27,7,1,0
BRDA:29,8,0,0
BRDA:29,8,1,0
BRDA:30,9,0,0
BRDA:30,9,1,0
BRDA:36,10,0,0
BRDA:36,10,1,0
BRDA:36,11,0,0
BRDA:36,11,1,0
BRDA:41,12,0,0
BRDA:41,12,1,0
BRDA:51,13,0,0
BRDA:51,13,1,0
BRDA:52,14,0,0
BRDA:52,14,1,0
BRF:30
BRH:0
end_of_record
TN:
SF:middleware/security.js
FN:4,(anonymous_0)
FN:30,(anonymous_1)
FN:31,(anonymous_2)
FN:64,(anonymous_3)
FN:86,(anonymous_4)
FNF:5
FNH:0
FNDA:0,(anonymous_0)
FNDA:0,(anonymous_1)
FNDA:0,(anonymous_2)
FNDA:0,(anonymous_3)
FNDA:0,(anonymous_4)
DA:1,0
DA:4,0
DA:6,0
DA:7,0
DA:8,0
DA:9,0
DA:12,0
DA:24,0
DA:28,0
DA:30,0
DA:31,0
DA:32,0
DA:33,0
DA:35,0
DA:36,0
DA:37,0
DA:40,0
DA:42,0
DA:43,0
DA:44,0
DA:45,0
DA:48,0
DA:49,0
DA:58,0
DA:59,0
DA:64,0
DA:65,0
DA:66,0
DA:69,0
DA:70,0
DA:72,0
DA:73,0
DA:82,0
DA:86,0
DA:87,0
DA:88,0
DA:90,0
DA:91,0
DA:94,0
LF:39
LH:0
BRDA:30,0,0,0
BRDA:30,1,0,0
BRDA:32,2,0,0
BRDA:32,2,1,0
BRDA:35,3,0,0
BRDA:35,3,1,0
BRDA:42,4,0,0
BRDA:42,4,1,0
BRDA:48,5,0,0
BRDA:48,5,1,0
BRDA:65,6,0,0
BRDA:65,6,1,0
BRDA:65,7,0,0
BRDA:65,7,1,0
BRDA:65,7,2,0
BRDA:69,8,0,0
BRDA:69,8,1,0
BRDA:72,9,0,0
BRDA:72,9,1,0
BRDA:72,10,0,0
BRDA:72,10,1,0
BRDA:72,10,2,0
BRDA:78,11,0,0
BRDA:78,11,1,0
BRDA:87,12,0,0
BRDA:87,12,1,0
BRF:26
BRH:0
end_of_record
TN:
SF:models/DiaryEntry.js
FN:4,(anonymous_0)
FN:15,(anonymous_1)
FN:30,(anonymous_2)
FN:43,(anonymous_3)
FN:49,(anonymous_4)
FN:56,(anonymous_5)
FN:62,(anonymous_6)
FN:69,(anonymous_7)
FN:80,(anonymous_8)
FN:87,(anonymous_9)
FN:95,(anonymous_10)
FN:106,(anonymous_11)
FN:128,(anonymous_12)
FN:146,(anonymous_13)
FN:155,(anonymous_14)
FN:162,(anonymous_15)
FN:183,(anonymous_16)
FN:190,(anonymous_17)
FN:203,(anonymous_18)
FN:213,(anonymous_19)
FN:224,(anonymous_20)
FN:228,(anonymous_21)
FN:228,(anonymous_22)
FN:231,(anonymous_23)
FN:237,(anonymous_24)
FN:238,(anonymous_25)
FNF:26
FNH:26
FNDA:179,(anonymous_0)
FNDA:123,(anonymous_1)
FNDA:128,(anonymous_2)
FNDA:4,(anonymous_3)
FNDA:6,(anonymous_4)
FNDA:4,(anonymous_5)
FNDA:8,(anonymous_6)
FNDA:5,(anonymous_7)
FNDA:11,(anonymous_8)
FNDA:3,(anonymous_9)
FNDA:4,(anonymous_10)
FNDA:5,(anonymous_11)
FNDA:5,(anonymous_12)
FNDA:4,(anonymous_13)
FNDA:7,(anonymous_14)
FNDA:8,(anonymous_15)
FNDA:11,(anonymous_16)
FNDA:2,(anonymous_17)
FNDA:2,(anonymous_18)
FNDA:1,(anonymous_19)
FNDA:5,(anonymous_20)
FNDA:10,(anonymous_21)
FNDA:10,(anonymous_22)
FNDA:6,(anonymous_23)
FNDA:12,(anonymous_24)
FNDA:12,(anonymous_25)
DA:1,1
DA:5,179
DA:6,179
DA:7,179
DA:8,179
DA:9,179
DA:10,179
DA:11,179
DA:12,179
DA:16,123
DA:17,123
DA:22,121
DA:23,121
DA:25,2
DA:26,2
DA:31,128
DA:32,128
DA:36,128
DA:38,0
DA:39,0
DA:44,4
DA:45,4
DA:49,6
DA:51,0
DA:52,0
DA:57,4
DA:58,4
DA:62,8
DA:64,0
DA:65,0
DA:70,5
DA:71,5
DA:72,5
DA:74,5
DA:75,3
DA:76,3
DA:79,5
DA:80,11
DA:82,0
DA:83,0
DA:88,3
DA:89,3
DA:94,3
DA:95,3
DA:96,4
DA:99,3
DA:101,0
DA:102,0
DA:107,5
DA:108,5
DA:113,5
DA:114,2
DA:118,3
DA:119,3
DA:121,3
DA:123,2
DA:124,2
DA:129,5
DA:130,5
DA:135,5
DA:136,3
DA:139,2
DA:141,3
DA:142,3
DA:147,4
DA:148,4
DA:155,7
DA:157,0
DA:158,0
DA:163,8
DA:164,8
DA:165,8
DA:175,8
DA:177,8
DA:178,2
DA:179,2
DA:182,8
DA:183,11
DA:185,0
DA:186,0
DA:191,2
DA:204,2
DA:205,2
DA:214,1
DA:215,1
DA:225,5
DA:226,2
DA:228,10
DA:232,6
DA:233,3
DA:236,3
DA:237,12
DA:238,12
DA:240,3
DA:244,1
LF:95
LH:81
BRDA:19,0,0,123
BRDA:19,0,1,71
BRDA:36,1,0,125
BRDA:36,1,1,3
BRDA:69,2,0,2
BRDA:69,3,0,4
BRDA:74,4,0,3
BRDA:74,4,1,2
BRDA:110,5,0,5
BRDA:110,5,1,1
BRDA:113,6,0,2
BRDA:113,6,1,3
BRDA:135,7,0,3
BRDA:135,7,1,2
BRDA:162,8,0,6
BRDA:162,9,0,7
BRDA:177,10,0,2
BRDA:177,10,1,6
BRDA:225,11,0,2
BRDA:225,11,1,3
BRDA:225,12,0,5
BRDA:225,12,1,3
BRDA:232,13,0,3
BRDA:232,13,1,3
BRDA:232,14,0,6
BRDA:232,14,1,4
BRDA:240,15,0,3
BRDA:240,15,1,1
BRF:28
BRH:28
end_of_record
TN:
SF:models/User.js
FN:5,(anonymous_0)
FN:14,(anonymous_1)
FN:27,(anonymous_2)
FN:40,(anonymous_3)
FN:56,(anonymous_4)
FN:60,(anonymous_5)
FNF:6
FNH:6
FNDA:91,(anonymous_0)
FNDA:6,(anonymous_1)
FNDA:89,(anonymous_2)
FNDA:84,(anonymous_3)
FNDA:6,(anonymous_4)
FNDA:4,(anonymous_5)
DA:1,2
DA:2,2
DA:6,91
DA:7,91
DA:8,91
DA:9,91
DA:10,91
DA:11,91
DA:15,6
DA:16,6
DA:20,6
DA:22,0
DA:23,0
DA:28,89
DA:29,89
DA:33,89
DA:35,0
DA:36,0
DA:41,84
DA:42,84
DA:43,83
DA:48,80
DA:49,80
DA:51,4
DA:52,4
DA:57,6
DA:61,4
DA:62,4
DA:66,2
LF:29
LH:25
BRDA:20,0,0,2
BRDA:20,0,1,4
BRDA:33,1,0,85
BRDA:33,1,1,4
BRF:4
BRH:4
end_of_record
TN:
SF:routes/auth.js
FN:9,(anonymous_0)
FN:20,(anonymous_1)
FN:26,(anonymous_2)
FN:75,(anonymous_3)
FN:85,(anonymous_4)
FN:127,(anonymous_5)
FNF:6
FNH:0
FNDA:0,(anonymous_0)
FNDA:0,(anonymous_1)
FNDA:0,(anonymous_2)
FNDA:0,(anonymous_3)
FNDA:0,(anonymous_4)
FNDA:0,(anonymous_5)
DA:1,0
DA:2,0
DA:3,0
DA:4,0
DA:5,0
DA:7,0
DA:9,0
DA:10,0
DA:15,0
DA:21,0
DA:22,0
DA:24,0
DA:27,0
DA:28,0
DA:30,0
DA:31,0
DA:39,0
DA:40,0
DA:41,0
DA:48,0
DA:54,0
DA:55,0
DA:62,0
DA:63,0
DA:64,0
DA:66,0
DA:67,0
DA:75,0
DA:76,0
DA:81,0
DA:86,0
DA:87,0
DA:89,0
DA:90,0
DA:97,0
DA:98,0
DA:99,0
DA:106,0
DA:107,0
DA:114,0
DA:115,0
DA:116,0
DA:118,0
DA:119,0
DA:127,0
DA:128,0
DA:129,0
DA:132,0
LF:48
LH:0
BRDA:21,0,0,0
BRDA:21,0,1,0
BRDA:30,1,0,0
BRDA:30,1,1,0
BRDA:40,2,0,0
BRDA:40,2,1,0
BRDA:62,3,0,0
BRDA:62,3,1,0
BRDA:89,4,0,0
BRDA:89,4,1,0
BRDA:98,5,0,0
BRDA:98,5,1,0
BRDA:98,6,0,0
BRDA:98,6,1,0
BRDA:114,7,0,0
BRDA:114,7,1,0
BRF:16
BRH:0
end_of_record
TN:
SF:routes/entries.js
FN:12,(anonymous_0)
FN:56,(anonymous_1)
FN:78,(anonymous_2)
FN:110,(anonymous_3)
FN:132,(anonymous_4)
FN:170,(anonymous_5)
FN:200,(anonymous_6)
FN:231,(anonymous_7)
FN:276,(anonymous_8)
FN:298,formatDateForDisplay
FNF:10
FNH:0
FNDA:0,(anonymous_0)
FNDA:0,(anonymous_1)
FNDA:0,(anonymous_2)
FNDA:0,(anonymous_3)
FNDA:0,(anonymous_4)
FNDA:0,(anonymous_5)
FNDA:0,(anonymous_6)
FNDA:0,(anonymous_7)
FNDA:0,(anonymous_8)
FNDA:0,formatDateForDisplay
DA:1,0
DA:2,0
DA:3,0
DA:4,0
DA:6,0
DA:9,0
DA:12,0
DA:13,0
DA:14,0
DA:15,0
DA:16,0
DA:17,0
DA:19,0
DA:20,0
DA:30,0
DA:31,0
DA:33,0
DA:34,0
DA:37,0
DA:46,0
DA:47,0
DA:56,0
DA:57,0
DA:58,0
DA:59,0
DA:61,0
DA:68,0
DA:69,0
DA:78,0
DA:79,0
DA:80,0
DA:83,0
DA:84,0
DA:85,0
DA:88,0
DA:90,0
DA:100,0
DA:101,0
DA:110,0
DA:111,0
DA:114,0
DA:115,0
DA:116,0
DA:119,0
DA:128,0
DA:133,0
DA:134,0
DA:136,0
DA:137,0
DA:147,0
DA:155,0
DA:157,0
DA:158,0
DA:170,0
DA:171,0
DA:172,0
DA:174,0
DA:175,0
DA:182,0
DA:190,0
DA:191,0
DA:200,0
DA:201,0
DA:202,0
DA:204,0
DA:205,0
DA:212,0
DA:218,0
DA:219,0
DA:228,0
DA:232,0
DA:233,0
DA:235,0
DA:236,0
DA:243,0
DA:245,0
DA:246,0
DA:255,0
DA:261,0
DA:263,0
DA:264,0
DA:265,0
DA:276,0
DA:277,0
DA:278,0
DA:280,0
DA:281,0
DA:288,0
DA:289,0
DA:291,0
DA:293,0
DA:294,0
DA:299,0
DA:300,0
DA:308,0
LF:95
LH:0
BRDA:14,0,0,0
BRDA:14,0,1,0
BRDA:15,1,0,0
BRDA:15,1,1,0
BRDA:19,2,0,0
BRDA:19,2,1,0
BRDA:33,3,0,0
BRDA:33,3,1,0
BRDA:84,4,0,0
BRDA:84,4,1,0
BRDA:115,5,0,0
BRDA:115,5,1,0
BRDA:136,6,0,0
BRDA:136,6,1,0
BRDA:174,7,0,0
BRDA:174,7,1,0
BRDA:174,8,0,0
BRDA:174,8,1,0
BRDA:204,9,0,0
BRDA:204,9,1,0
BRDA:204,10,0,0
BRDA:204,10,1,0
BRDA:235,11,0,0
BRDA:235,11,1,0
BRDA:235,12,0,0
BRDA:235,12,1,0
BRDA:245,13,0,0
BRDA:245,13,1,0
BRDA:280,14,0,0
BRDA:280,14,1,0
BRDA:280,15,0,0
BRDA:280,15,1,0
BRF:32
BRH:0
end_of_record
TN:
SF:routes/index.js
FN:9,(anonymous_0)
FN:15,(anonymous_1)
FN:47,(anonymous_2)
FNF:3
FNH:0
FNDA:0,(anonymous_0)
FNDA:0,(anonymous_1)
FNDA:0,(anonymous_2)
DA:1,0
DA:2,0
DA:3,0
DA:4,0
DA:5,0
DA:7,0
DA:9,0
DA:10,0
DA:15,0
DA:16,0
DA:17,0
DA:18,0
DA:19,0
DA:21,0
DA:22,0
DA:25,0
DA:26,0
DA:27,0
DA:29,0
DA:38,0
DA:39,0
DA:47,0
DA:48,0
DA:49,0
DA:51,0
DA:52,0
DA:55,0
DA:56,0
DA:57,0
DA:60,0
DA:61,0
DA:62,0
DA:64,0
DA:73,0
DA:74,0
DA:82,0
LF:36
LH:0
BRDA:51,0,0,0
BRDA:51,0,1,0
BRF:2
BRH:0
end_of_record
TN:
SF:utils/auth.js
FN:4,(anonymous_0)
FN:9,(anonymous_1)
FN:13,(anonymous_2)
FN:21,(anonymous_3)
FNF:4
FNH:0
FNDA:0,(anonymous_0)
FNDA:0,(anonymous_1)
FNDA:0,(anonymous_2)
FNDA:0,(anonymous_3)
DA:1,0
DA:2,0
DA:4,0
DA:5,0
DA:6,0
DA:9,0
DA:10,0
DA:13,0
DA:14,0
DA:21,0
DA:22,0
DA:23,0
DA:25,0
DA:29,0
LF:14
LH:0
BRF:0
BRH:0
end_of_record
TN:
SF:utils/calendar.js
FN:8,getCalendarData
FN:58,isToday
FN:65,formatDateString
FN:69,parseMonthYear
FN:85,getNavigationData
FNF:5
FNH:0
FNDA:0,getCalendarData
FNDA:0,isToday
FNDA:0,formatDateString
FNDA:0,parseMonthYear
FNDA:0,getNavigationData
DA:1,0
DA:6,0
DA:9,0
DA:10,0
DA:11,0
DA:12,0
DA:14,0
DA:15,0
DA:18,0
DA:19,0
DA:23,0
DA:24,0
DA:32,0
DA:33,0
DA:34,0
DA:39,0
DA:40,0
DA:43,0
DA:44,0
DA:47,0
DA:59,0
DA:60,0
DA:66,0
DA:70,0
DA:71,0
DA:74,0
DA:75,0
DA:78,0
DA:79,0
DA:82,0
DA:86,0
DA:87,0
DA:89,0
DA:90,0
DA:92,0
DA:98,0
LF:36
LH:0
BRDA:32,0,0,0
BRDA:32,0,1,0
BRDA:39,1,0,0
BRDA:39,1,1,0
BRDA:43,2,0,0
BRDA:43,2,1,0
BRDA:60,3,0,0
BRDA:60,3,1,0
BRDA:60,3,2,0
BRDA:74,4,0,0
BRDA:74,4,1,0
BRDA:74,5,0,0
BRDA:74,5,1,0
BRDA:74,5,2,0
BRDA:78,6,0,0
BRDA:78,6,1,0
BRDA:78,7,0,0
BRDA:78,7,1,0
BRDA:78,7,2,0
BRDA:86,8,0,0
BRDA:86,8,1,0
BRDA:87,9,0,0
BRDA:87,9,1,0
BRDA:89,10,0,0
BRDA:89,10,1,0
BRDA:90,11,0,0
BRDA:90,11,1,0
BRF:27
BRH:0
end_of_record
TN:
SF:utils/render.js
FN:1,(anonymous_0)
FN:2,(anonymous_1)
FN:3,(anonymous_2)
FN:10,(anonymous_3)
FNF:4
FNH:0
FNDA:0,(anonymous_0)
FNDA:0,(anonymous_1)
FNDA:0,(anonymous_2)
FNDA:0,(anonymous_3)
DA:1,0
DA:2,0
DA:3,0
DA:4,0
DA:5,0
DA:7,0
DA:11,0
DA:12,0
DA:14,0
DA:22,0
LF:10
LH:0
BRDA:1,0,0,0
BRDA:4,1,0,0
BRDA:4,1,1,0
BRDA:11,2,0,0
BRDA:11,2,1,0
BRF:5
BRH:0
end_of_record
